<?xml version="1.0" encoding="UTF-8"?>
<!-- Generated by org.testng.reporters.JUnitXMLReporter -->
<testsuite ignored="0" hostname="BNG-LL-PKAREHON" failures="0" tests="3" name="Default test" time="8.933" errors="0" timestamp="2021-05-29T08:12:35 IST">
  <testcase classname="flight.booking.BookFlight" name="flightSelection" time="3.757"/>
  <testcase classname="flight.booking.BookFlight" name="provideBookingDetails" time="1.882"/>
  <testcase classname="flight.booking.BookFlight" name="bookingConfirmation" time="0.107"/>
</testsuite> <!-- Default test -->
