<?xml version="1.0" encoding="UTF-8"?>
<testng-results ignored="0" total="3" passed="3" failed="0" skipped="0">
  <reporter-output>
  </reporter-output>
  <suite started-at="2021-05-29T08:12:26 IST" name="Default suite" finished-at="2021-05-29T08:12:35 IST" duration-ms="8933">
    <groups>
    </groups>
    <test started-at="2021-05-29T08:12:26 IST" name="Default test" finished-at="2021-05-29T08:12:35 IST" duration-ms="8933">
      <class name="flight.booking.BookFlight">
        <test-method is-config="true" signature="initialize()[pri:0, instance:flight.booking.BookFlight@1ef6d34c]" started-at="2021-05-29T08:12:26 IST" name="initialize" finished-at="2021-05-29T08:12:29 IST" duration-ms="3109" status="PASS">
          <reporter-output>
          </reporter-output>
        </test-method> <!-- initialize -->
        <test-method signature="flightSelection(java.lang.String, java.lang.String, java.lang.String)[pri:0, instance:flight.booking.BookFlight@1ef6d34c]" started-at="2021-05-29T08:12:29 IST" name="flightSelection" data-provider="getFlightData" finished-at="2021-05-29T08:12:33 IST" duration-ms="3757" status="PASS">
          <params>
            <param index="0">
              <value>
                <![CDATA[Boston]]>
              </value>
            </param>
            <param index="1">
              <value>
                <![CDATA[London]]>
              </value>
            </param>
            <param index="2">
              <value>
                <![CDATA[Lufthansa]]>
              </value>
            </param>
          </params>
          <reporter-output>
          </reporter-output>
        </test-method> <!-- flightSelection -->
        <test-method signature="provideBookingDetails(java.lang.String, java.lang.String, java.lang.String, java.lang.String, java.lang.String, java.lang.String, java.lang.String, java.lang.String, java.lang.String, java.lang.String)[pri:0, instance:flight.booking.BookFlight@1ef6d34c]" started-at="2021-05-29T08:12:33 IST" name="provideBookingDetails" data-provider="getPersonData" finished-at="2021-05-29T08:12:35 IST" depends-on-methods="flight.booking.BookFlight.flightSelection" duration-ms="1882" status="PASS">
          <params>
            <param index="0">
              <value>
                <![CDATA[Prashant Karehonna]]>
              </value>
            </param>
            <param index="1">
              <value>
                <![CDATA[RMNagar]]>
              </value>
            </param>
            <param index="2">
              <value>
                <![CDATA[Bangalore]]>
              </value>
            </param>
            <param index="3">
              <value>
                <![CDATA[Karnataka]]>
              </value>
            </param>
            <param index="4">
              <value>
                <![CDATA[561001]]>
              </value>
            </param>
            <param index="5">
              <value>
                <![CDATA[American Express]]>
              </value>
            </param>
            <param index="6">
              <value>
                <![CDATA[1234 5678 1011]]>
              </value>
            </param>
            <param index="7">
              <value>
                <![CDATA[09]]>
              </value>
            </param>
            <param index="8">
              <value>
                <![CDATA[21]]>
              </value>
            </param>
            <param index="9">
              <value>
                <![CDATA[Prashant K]]>
              </value>
            </param>
          </params>
          <reporter-output>
          </reporter-output>
        </test-method> <!-- provideBookingDetails -->
        <test-method signature="bookingConfirmation()[pri:0, instance:flight.booking.BookFlight@1ef6d34c]" started-at="2021-05-29T08:12:35 IST" name="bookingConfirmation" finished-at="2021-05-29T08:12:35 IST" depends-on-methods="flight.booking.BookFlight.provideBookingDetails" duration-ms="107" status="PASS">
          <reporter-output>
          </reporter-output>
        </test-method> <!-- bookingConfirmation -->
      </class> <!-- flight.booking.BookFlight -->
    </test> <!-- Default test -->
  </suite> <!-- Default suite -->
</testng-results>
